This is pdfTeX, Version 3.14159265-2.6-1.40.20 (TeX Live 2019/Arch Linux) (preloaded format=pdflatex 2020.2.5)  10 FEB 2020 08:10
entering extended mode
 restricted \write18 enabled.
 file:line:error style messages enabled.
 %&-line parsing enabled.
**"pop-culture rpg.tex"
(./pop-culture rpg.tex
LaTeX2e <2019-10-01> patch level 1
(/usr/share/texmf-dist/tex/latex/base/book.cls
Document Class: book 2019/08/27 v1.4j Standard LaTeX document class
(/usr/share/texmf-dist/tex/latex/base/bk12.clo
File: bk12.clo 2019/08/27 v1.4j Standard LaTeX file (size option)
)
\c@part=\count80
\c@chapter=\count81
\c@section=\count82
\c@subsection=\count83
\c@subsubsection=\count84
\c@paragraph=\count85
\c@subparagraph=\count86
\c@figure=\count87
\c@table=\count88
\abovecaptionskip=\skip41
\belowcaptionskip=\skip42
\bibindent=\dimen102
) (./pop-culture rpg.aux)
\openout1 = `"pop-culture rpg.aux"'.

LaTeX Font Info:    Checking defaults for OML/cmm/m/it on input line 4.
LaTeX Font Info:    ... okay on input line 4.
LaTeX Font Info:    Checking defaults for T1/cmr/m/n on input line 4.
LaTeX Font Info:    ... okay on input line 4.
LaTeX Font Info:    Checking defaults for OT1/cmr/m/n on input line 4.
LaTeX Font Info:    ... okay on input line 4.
LaTeX Font Info:    Checking defaults for OMS/cmsy/m/n on input line 4.
LaTeX Font Info:    ... okay on input line 4.
LaTeX Font Info:    Checking defaults for OMX/cmex/m/n on input line 4.
LaTeX Font Info:    ... okay on input line 4.
LaTeX Font Info:    Checking defaults for U/cmr/m/n on input line 4.
LaTeX Font Info:    ... okay on input line 4.

(./book/title_page.tex
LaTeX Font Info:    External font `cmex10' loaded for size
(Font)              <14.4> on input line 12.
LaTeX Font Info:    External font `cmex10' loaded for size
(Font)              <7> on input line 12.
 [1


{/var/lib/texmf/fonts/map/pdftex/updmap/pdftex.map}]
[2

] (./pop-culture rpg.toc
LaTeX Font Info:    External font `cmex10' loaded for size
(Font)              <12> on input line 2.
LaTeX Font Info:    External font `cmex10' loaded for size
(Font)              <8> on input line 2.
LaTeX Font Info:    External font `cmex10' loaded for size
(Font)              <6> on input line 2.

Underfull \vbox (badness 2302) has occurred while \output is active []

 [3])
\tf@toc=\write3
\openout3 = `"pop-culture rpg.toc"'.

)
(./book/chapter1.tex [4]
Chapter 1.
[5

]) (./book/chapter2.tex [6]
Chapter 2.
[7

] [8] [9]) (./book/chapter3.tex [10]
Chapter 3.
[11

]
Underfull \vbox (badness 3815) has occurred while \output is active []

 [12]
[13]) (./book/chapter4.tex [14]
Chapter 4.

Underfull \vbox (badness 10000) has occurred while \output is active []

 [15

]
[16] [17]
Underfull \vbox (badness 10000) has occurred while \output is active []

 [18])
(./book/chapter5.tex [19] [20

]
Chapter 5.
[21] [22] [23] [24] [25])
Underfull \vbox (badness 10000) has occurred while \output is active []

 [26]
[27] (./pop-culture rpg.aux) ) 
Here is how much of TeX's memory you used:
 306 strings out of 492167
 3453 string characters out of 6131559
 66064 words of memory out of 5000000
 4720 multiletter control sequences out of 15000+600000
 10362 words of font info for 36 fonts, out of 8000000 for 9000
 1141 hyphenation exceptions out of 8191
 26i,6n,21p,158b,252s stack positions out of 5000i,500n,10000p,200000b,80000s
</usr/share/texmf-dist/fonts/type1/public/amsfont
s/cm/cmss12.pfb></usr/share/texmf-dist/fonts/type1/public/amsfonts/cm/cmss17.pf
b></usr/share/texmf-dist/fonts/type1/public/amsfonts/cm/cmss8.pfb></usr/share/t
exmf-dist/fonts/type1/public/amsfonts/cm/cmssbx10.pfb></usr/share/texmf-dist/fo
nts/type1/public/amsfonts/cm/cmssi12.pfb>
Output written on "pop-culture rpg.pdf" (27 pages, 87398 bytes).
PDF statistics:
 111 PDF objects out of 1000 (max. 8388607)
 76 compressed objects within 1 object stream
 0 named destinations out of 1000 (max. 500000)
 1 words of extra memory for PDF output out of 10000 (max. 10000000)

